  main.cpp
C:\Program Files (x86)\Microsoft Visual Studio\2019\Community\VC\Tools\MSVC\14.28.29333\include\xhash(131,53): error C2064: term does not evaluate to a function taking 1 arguments
C:\Program Files (x86)\Microsoft Visual Studio\2019\Community\VC\Tools\MSVC\14.28.29333\include\xhash(155): message : see reference to variable template 'const bool _Nothrow_hash<std::hash<std::pair<int,int> >,std::pair<int,int> >' being compiled
C:\Program Files (x86)\Microsoft Visual Studio\2019\Community\VC\Tools\MSVC\14.28.29333\include\xhash(155): message : while compiling class template member function 'size_t std::_Uhash_compare<_Kty,_Hasher,_Keyeq>::operator ()<_Kty>(const _Keyty &) noexcept(<expr>) const'
          with
          [
              _Kty=std::pair<s32,s32>,
              _Hasher=std::hash<std::pair<s32,s32>>,
              _Keyeq=std::equal_to<std::pair<s32,s32>>,
              _Keyty=std::pair<s32,s32>
          ]
C:\Program Files (x86)\Microsoft Visual Studio\2019\Community\VC\Tools\MSVC\14.28.29333\include\xhash(1232): message : see reference to variable template 'const bool _Nothrow_hash<std::_Umap_traits<std::pair<int,int>,Chunk *,std::_Uhash_compare<std::pair<int,int>,std::hash<std::pair<int,int> >,std::equal_to<std::pair<int,int> > >,std::allocator<std::pair<std::pair<int,int> const ,Chunk *> >,0>,std::pair<int,int> >' being compiled
C:\Program Files (x86)\Microsoft Visual Studio\2019\Community\VC\Tools\MSVC\14.28.29333\include\xhash(130,44): error C2056: illegal expression
